<?xml version="1.0" encoding="UTF-8"?>
<robot generator="Robot 5.0.1 (Python 3.10.6 on win32)" generated="20221004 17:47:32.854" rpa="false" schemaversion="3">
<suite id="s1" name="Login Add To Cart" source="C:\Users\Arlison\Desktop\Testrail-RobotFramework\test\features\login_add_to_cart.robot">
<kw name="Abrir navegador" library="hooks" type="SETUP">
<kw name="Open Browser" library="SeleniumLibrary">
<arg>browser=${BROWSER}</arg>
<arg>url=${URL}</arg>
<arg>service_log_path=null</arg>
<doc>Opens a new browser instance to the optional ``url``.</doc>
<msg timestamp="20221004 17:47:35.613" level="INFO">Opening browser 'chrome' to base url 'http://automationpractice.com/index.php'.</msg>
<msg timestamp="20221004 17:47:35.613" level="INFO">Browser driver log file created to: C:\Users\Arlison\Desktop\Testrail-RobotFramework\test\logs\null</msg>
<status status="PASS" starttime="20221004 17:47:35.613" endtime="20221004 17:47:43.539"/>
</kw>
<kw name="Maximize Browser Window" library="SeleniumLibrary">
<doc>Maximizes current browser window.</doc>
<status status="PASS" starttime="20221004 17:47:43.539" endtime="20221004 17:47:43.730"/>
</kw>
<status status="PASS" starttime="20221004 17:47:35.613" endtime="20221004 17:47:43.731"/>
</kw>
<test id="s1-t1" name="Validação de login de usuario" line="10">
<kw name="Realizar login" library="kws_login">
<kw name="Wait Until Element Is Visible" library="SeleniumLibrary">
<arg>${BTN_SIGNIN}</arg>
<doc>Waits until the element ``locator`` is visible.</doc>
<status status="PASS" starttime="20221004 17:47:43.737" endtime="20221004 17:47:43.860"/>
</kw>
<kw name="Click Element" library="SeleniumLibrary">
<arg>${BTN_SIGNIN}</arg>
<doc>Click the element identified by ``locator``.</doc>
<msg timestamp="20221004 17:47:43.862" level="INFO">Clicking element '//a[@class='login'][contains(.,'Sign in')]'.</msg>
<status status="PASS" starttime="20221004 17:47:43.861" endtime="20221004 17:47:46.794"/>
</kw>
<kw name="Wait Until Element Is Visible" library="SeleniumLibrary">
<arg>${LABEL_EMAIL}</arg>
<doc>Waits until the element ``locator`` is visible.</doc>
<status status="PASS" starttime="20221004 17:47:46.794" endtime="20221004 17:47:46.980"/>
</kw>
<kw name="Input Text" library="SeleniumLibrary">
<arg>${LABEL_EMAIL}</arg>
<arg>${EMAIL_INPUT}</arg>
<doc>Types the given ``text`` into the text field identified by ``locator``.</doc>
<msg timestamp="20221004 17:47:46.982" level="INFO">Typing text 'teste.testando123@gmail.com' into text field 'email'.</msg>
<status status="PASS" starttime="20221004 17:47:46.980" endtime="20221004 17:47:47.501"/>
</kw>
<kw name="Input Text" library="SeleniumLibrary">
<arg>${LABEL_PASSWORD}</arg>
<arg>${PASSWORD_INPUT}</arg>
<doc>Types the given ``text`` into the text field identified by ``locator``.</doc>
<msg timestamp="20221004 17:47:47.504" level="INFO">Typing text 'teste123.' into text field '//input[contains(@type,'password')]'.</msg>
<status status="PASS" starttime="20221004 17:47:47.502" endtime="20221004 17:47:47.787"/>
</kw>
<kw name="Click Element" library="SeleniumLibrary">
<arg>${BTM_SIGNIN_CONFIRM}</arg>
<doc>Click the element identified by ``locator``.</doc>
<msg timestamp="20221004 17:47:47.789" level="INFO">Clicking element '//span[contains(.,'Sign in')]'.</msg>
<status status="PASS" starttime="20221004 17:47:47.788" endtime="20221004 17:47:50.987"/>
</kw>
<kw name="Click Element" library="SeleniumLibrary">
<arg>${BTN_HOMEPAGE}</arg>
<doc>Click the element identified by ``locator``.</doc>
<msg timestamp="20221004 17:47:50.989" level="INFO">Clicking element '//img[contains(@class,'logo img-responsive')]'.</msg>
<status status="PASS" starttime="20221004 17:47:50.988" endtime="20221004 17:47:53.913"/>
</kw>
<kw name="Sleep" library="BuiltIn">
<arg>5</arg>
<doc>Pauses the test executed for the given time.</doc>
<msg timestamp="20221004 17:47:58.922" level="INFO">Slept 5 seconds</msg>
<status status="PASS" starttime="20221004 17:47:53.914" endtime="20221004 17:47:58.922"/>
</kw>
<status status="PASS" starttime="20221004 17:47:43.736" endtime="20221004 17:47:58.922"/>
</kw>
<doc>Teste de login de usuario</doc>
<tag>login</tag>
<status status="PASS" starttime="20221004 17:47:43.732" endtime="20221004 17:47:58.922"/>
</test>
<test id="s1-t2" name="Validação do fluxo de pedidos" line="15">
<kw name="Pesquisar produto" library="kws_carrinho">
<kw name="Input Text" library="SeleniumLibrary">
<arg>${LABEL_SEARCH}</arg>
<arg>${PRODUTO}</arg>
<doc>Types the given ``text`` into the text field identified by ``locator``.</doc>
<msg timestamp="20221004 17:47:58.922" level="INFO">Typing text 'Blouse' into text field '//input[@class='search_query form-control ac_input'][contains(@id,'top')]'.</msg>
<status status="PASS" starttime="20221004 17:47:58.922" endtime="20221004 17:47:59.267"/>
</kw>
<kw name="Click Button" library="SeleniumLibrary">
<arg>${BTN_SEARCH}</arg>
<doc>Clicks the button identified by ``locator``.</doc>
<msg timestamp="20221004 17:47:59.269" level="INFO">Clicking button '//button[@type='submit'][contains(.,'Search')]'.</msg>
<status status="PASS" starttime="20221004 17:47:59.268" endtime="20221004 17:48:02.003"/>
</kw>
<status status="PASS" starttime="20221004 17:47:58.922" endtime="20221004 17:48:02.004"/>
</kw>
<kw name="Adicionar produto ao carrinho" library="kws_carrinho">
<kw name="Element Should Be Visible" library="SeleniumLibrary">
<arg>//span[@class='heading-counter'][contains(.,'1 result has been found.')]</arg>
<doc>Verifies that the element identified by ``locator`` is visible.</doc>
<msg timestamp="20221004 17:48:02.075" level="INFO">Element '//span[@class='heading-counter'][contains(.,'1 result has been found.')]' is displayed.</msg>
<status status="PASS" starttime="20221004 17:48:02.007" endtime="20221004 17:48:02.076"/>
</kw>
<kw name="Execute Javascript" library="SeleniumLibrary">
<arg>window.scrollTo(723,483)</arg>
<doc>Executes the given JavaScript code with possible arguments.</doc>
<msg timestamp="20221004 17:48:02.077" level="INFO">Executing JavaScript:
window.scrollTo(723,483)
Without any arguments.</msg>
<status status="PASS" starttime="20221004 17:48:02.076" endtime="20221004 17:48:02.092"/>
</kw>
<kw name="Mouse Over" library="SeleniumLibrary">
<arg>${PRODUTO_IMG}</arg>
<doc>Simulates hovering the mouse over the element ``locator``.</doc>
<msg timestamp="20221004 17:48:02.096" level="INFO">Simulating Mouse Over on element '//img[contains(@title,'Blouse')]'.</msg>
<status status="PASS" starttime="20221004 17:48:02.092" endtime="20221004 17:48:02.423"/>
</kw>
<kw name="Wait Until Element Is Visible" library="SeleniumLibrary">
<arg>${BTN_ADD_CART}</arg>
<doc>Waits until the element ``locator`` is visible.</doc>
<status status="PASS" starttime="20221004 17:48:02.424" endtime="20221004 17:48:02.505"/>
</kw>
<kw name="Click Element" library="SeleniumLibrary">
<arg>${BTN_ADD_CART}</arg>
<doc>Click the element identified by ``locator``.</doc>
<msg timestamp="20221004 17:48:02.505" level="INFO">Clicking element '//span[contains(.,'Add to cart')]'.</msg>
<status status="PASS" starttime="20221004 17:48:02.505" endtime="20221004 17:48:02.638"/>
</kw>
<kw name="Wait Until Element Is Visible" library="SeleniumLibrary">
<arg>${BTN_CHECKOUT}</arg>
<doc>Waits until the element ``locator`` is visible.</doc>
<status status="PASS" starttime="20221004 17:48:02.639" endtime="20221004 17:48:04.268"/>
</kw>
<kw name="Click Element" library="SeleniumLibrary">
<arg>${BTN_CHECKOUT}</arg>
<doc>Click the element identified by ``locator``.</doc>
<msg timestamp="20221004 17:48:04.270" level="INFO">Clicking element '//span[contains(.,'Proceed to checkout')]'.</msg>
<status status="PASS" starttime="20221004 17:48:04.268" endtime="20221004 17:48:06.708"/>
</kw>
<kw name="Wait Until Element Is Visible" library="SeleniumLibrary">
<arg>${BTN_CHECKOUT_2}</arg>
<doc>Waits until the element ``locator`` is visible.</doc>
<status status="PASS" starttime="20221004 17:48:06.709" endtime="20221004 17:48:06.816"/>
</kw>
<kw name="Click Element" library="SeleniumLibrary">
<arg>${BTN_CHECKOUT_2}</arg>
<doc>Click the element identified by ``locator``.</doc>
<msg timestamp="20221004 17:48:06.818" level="INFO">Clicking element '(//span[contains(.,'Proceed to checkout')])[2]'.</msg>
<status status="PASS" starttime="20221004 17:48:06.816" endtime="20221004 17:48:11.516"/>
</kw>
<kw name="Execute Javascript" library="SeleniumLibrary">
<arg>window.scrollTo(1214,601)</arg>
<doc>Executes the given JavaScript code with possible arguments.</doc>
<msg timestamp="20221004 17:48:11.518" level="INFO">Executing JavaScript:
window.scrollTo(1214,601)
Without any arguments.</msg>
<status status="PASS" starttime="20221004 17:48:11.516" endtime="20221004 17:48:11.533"/>
</kw>
<kw name="Click Element" library="SeleniumLibrary">
<arg>${BTN_CHECKOUT_2}</arg>
<doc>Click the element identified by ``locator``.</doc>
<msg timestamp="20221004 17:48:11.536" level="INFO">Clicking element '(//span[contains(.,'Proceed to checkout')])[2]'.</msg>
<status status="PASS" starttime="20221004 17:48:11.534" endtime="20221004 17:48:14.547"/>
</kw>
<kw name="Execute Javascript" library="SeleniumLibrary">
<arg>window.scrollTo(1214,601)</arg>
<doc>Executes the given JavaScript code with possible arguments.</doc>
<msg timestamp="20221004 17:48:14.550" level="INFO">Executing JavaScript:
window.scrollTo(1214,601)
Without any arguments.</msg>
<status status="PASS" starttime="20221004 17:48:14.548" endtime="20221004 17:48:14.569"/>
</kw>
<kw name="Click Element" library="SeleniumLibrary">
<arg>${CHECKBOX_TERMS}</arg>
<doc>Click the element identified by ``locator``.</doc>
<msg timestamp="20221004 17:48:14.572" level="INFO">Clicking element '//input[@type='checkbox'][contains(@id,'cgv')]'.</msg>
<status status="PASS" starttime="20221004 17:48:14.570" endtime="20221004 17:48:14.738"/>
</kw>
<kw name="Click Element" library="SeleniumLibrary">
<arg>${BTN_CHECKOUT_2}</arg>
<doc>Click the element identified by ``locator``.</doc>
<msg timestamp="20221004 17:48:14.740" level="INFO">Clicking element '(//span[contains(.,'Proceed to checkout')])[2]'.</msg>
<status status="PASS" starttime="20221004 17:48:14.739" endtime="20221004 17:48:16.492"/>
</kw>
<kw name="Execute Javascript" library="SeleniumLibrary">
<arg>window.scrollTo(1214,601)</arg>
<doc>Executes the given JavaScript code with possible arguments.</doc>
<msg timestamp="20221004 17:48:16.495" level="INFO">Executing JavaScript:
window.scrollTo(1214,601)
Without any arguments.</msg>
<status status="PASS" starttime="20221004 17:48:16.492" endtime="20221004 17:48:16.572"/>
</kw>
<kw name="Click Element" library="SeleniumLibrary">
<arg>${BTN_PAY_BY_BANK}</arg>
<doc>Click the element identified by ``locator``.</doc>
<msg timestamp="20221004 17:48:16.574" level="INFO">Clicking element '//a[@class='bankwire'][contains(.,'Pay by bank wire (order processing will be longer)')]'.</msg>
<status status="PASS" starttime="20221004 17:48:16.572" endtime="20221004 17:48:19.508"/>
</kw>
<kw name="Execute Javascript" library="SeleniumLibrary">
<arg>window.scrollTo(1214,601)</arg>
<doc>Executes the given JavaScript code with possible arguments.</doc>
<msg timestamp="20221004 17:48:19.511" level="INFO">Executing JavaScript:
window.scrollTo(1214,601)
Without any arguments.</msg>
<status status="PASS" starttime="20221004 17:48:19.508" endtime="20221004 17:48:19.523"/>
</kw>
<kw name="Click Element" library="SeleniumLibrary">
<arg>${BTN_CONFIRM_ORDER}</arg>
<doc>Click the element identified by ``locator``.</doc>
<msg timestamp="20221004 17:48:19.529" level="INFO">Clicking element '//span[contains(.,'I confirm my order')]'.</msg>
<status status="PASS" starttime="20221004 17:48:19.523" endtime="20221004 17:48:32.505"/>
</kw>
<kw name="Execute Javascript" library="SeleniumLibrary">
<arg>window.scrollTo(1214,601)</arg>
<doc>Executes the given JavaScript code with possible arguments.</doc>
<msg timestamp="20221004 17:48:32.508" level="INFO">Executing JavaScript:
window.scrollTo(1214,601)
Without any arguments.</msg>
<status status="PASS" starttime="20221004 17:48:32.506" endtime="20221004 17:48:32.519"/>
</kw>
<kw name="Click Element" library="SeleniumLibrary">
<arg>${BTN_BACK_TO_ORDERS}</arg>
<doc>Click the element identified by ``locator``.</doc>
<msg timestamp="20221004 17:48:32.521" level="INFO">Clicking element '//a[@class='button-exclusive btn btn-default'][contains(.,'Back to orders')]'.</msg>
<status status="PASS" starttime="20221004 17:48:32.520" endtime="20221004 17:48:37.390"/>
</kw>
<status status="PASS" starttime="20221004 17:48:02.005" endtime="20221004 17:48:37.390"/>
</kw>
<doc>Fluxo de pedido</doc>
<tag>adicionar_carrinho</tag>
<status status="PASS" starttime="20221004 17:47:58.922" endtime="20221004 17:48:37.396"/>
</test>
<kw name="Fechar navegador" library="hooks" type="TEARDOWN">
<kw name="Close Browser" library="SeleniumLibrary">
<doc>Closes the current browser.</doc>
<status status="PASS" starttime="20221004 17:48:37.401" endtime="20221004 17:48:40.781"/>
</kw>
<status status="PASS" starttime="20221004 17:48:37.400" endtime="20221004 17:48:40.782"/>
</kw>
<doc>URL da página: http://automationpractice.com/index.php
Autor: Arlison Marreiro Nascimento</doc>
<status status="PASS" starttime="20221004 17:47:32.854" endtime="20221004 17:48:40.782"/>
</suite>
<statistics>
<total>
<stat pass="2" fail="0" skip="0">All Tests</stat>
</total>
<tag>
<stat pass="1" fail="0" skip="0">adicionar_carrinho</stat>
<stat pass="1" fail="0" skip="0">login</stat>
</tag>
<suite>
<stat pass="2" fail="0" skip="0" id="s1" name="Login Add To Cart">Login Add To Cart</stat>
</suite>
</statistics>
<errors>
</errors>
</robot>
