<?xml version="1.0" encoding="UTF-8"?>
<robot generator="Robot 5.0.1 (Python 3.10.6 on win32)" generated="20220928 13:16:39.973" rpa="false" schemaversion="3">
<suite id="s1" name="Automation Testing" source="C:\Users\Arlison\Desktop\Testing-Project\RobotFramework\Testrail+Robot\Tests\automation_testing.robot">
<kw name="Abrir navegador" library="automation_testing_resource" type="SETUP">
<kw name="Open Browser" library="SeleniumLibrary">
<arg>browser=${BROWSER}</arg>
<arg>url=${URL}</arg>
<arg>service_log_path=null</arg>
<doc>Opens a new browser instance to the optional ``url``.</doc>
<msg timestamp="20220928 13:16:42.478" level="INFO">Opening browser 'chrome' to base url 'http://automationpractice.com/index.php'.</msg>
<msg timestamp="20220928 13:16:42.478" level="INFO">Browser driver log file created to: C:\Users\Arlison\Desktop\Testing-Project\RobotFramework\Testrail+Robot\Results\null</msg>
<status status="PASS" starttime="20220928 13:16:42.462" endtime="20220928 13:17:02.886"/>
</kw>
<kw name="Maximize Browser Window" library="SeleniumLibrary">
<doc>Maximizes current browser window.</doc>
<status status="PASS" starttime="20220928 13:17:02.886" endtime="20220928 13:17:03.116"/>
</kw>
<status status="PASS" starttime="20220928 13:16:42.462" endtime="20220928 13:17:03.117"/>
</kw>
<test id="s1-t1" name="Validação de login de usuario" line="12">
<kw name="Realizar login" library="automation_testing_resource">
<kw name="Wait Until Element Is Visible" library="SeleniumLibrary">
<arg>${BTN_SIGNIN}</arg>
<doc>Waits until the element ``locator`` is visible.</doc>
<status status="PASS" starttime="20220928 13:17:03.173" endtime="20220928 13:17:03.271"/>
</kw>
<kw name="Click Element" library="SeleniumLibrary">
<arg>${BTN_SIGNIN}</arg>
<doc>Click the element identified by ``locator``.</doc>
<msg timestamp="20220928 13:17:03.273" level="INFO">Clicking element '//a[@class='login'][contains(.,'Sign in')]'.</msg>
<status status="PASS" starttime="20220928 13:17:03.271" endtime="20220928 13:17:13.452"/>
</kw>
<kw name="Wait Until Element Is Visible" library="SeleniumLibrary">
<arg>${LABEL_EMAIL}</arg>
<doc>Waits until the element ``locator`` is visible.</doc>
<status status="PASS" starttime="20220928 13:17:13.453" endtime="20220928 13:17:13.568"/>
</kw>
<kw name="Input Text" library="SeleniumLibrary">
<arg>${LABEL_EMAIL}</arg>
<arg>${EMAIL_INPUT}</arg>
<doc>Types the given ``text`` into the text field identified by ``locator``.</doc>
<msg timestamp="20220928 13:17:13.570" level="INFO">Typing text 'arlison.marreiro999@gmail.com' into text field 'email'.</msg>
<status status="PASS" starttime="20220928 13:17:13.568" endtime="20220928 13:17:14.111"/>
</kw>
<kw name="Input Text" library="SeleniumLibrary">
<arg>${LABEL_PASSWORD}</arg>
<arg>${PASSWORD_INPUT}</arg>
<doc>Types the given ``text`` into the text field identified by ``locator``.</doc>
<msg timestamp="20220928 13:17:14.113" level="INFO">Typing text 'marreirohd' into text field '//input[contains(@type,'password')]'.</msg>
<status status="PASS" starttime="20220928 13:17:14.111" endtime="20220928 13:17:14.391"/>
</kw>
<kw name="Click Element" library="SeleniumLibrary">
<arg>${BTM_SIGNIN_CONFIRM}</arg>
<doc>Click the element identified by ``locator``.</doc>
<msg timestamp="20220928 13:17:14.392" level="INFO">Clicking element '//span[contains(.,'Sign in')]'.</msg>
<status status="PASS" starttime="20220928 13:17:14.391" endtime="20220928 13:17:20.781"/>
</kw>
<kw name="Click Element" library="SeleniumLibrary">
<arg>${BTN_HOMEPAGE}</arg>
<doc>Click the element identified by ``locator``.</doc>
<msg timestamp="20220928 13:17:20.783" level="INFO">Clicking element '//img[contains(@class,'logo img-responsive')]'.</msg>
<status status="PASS" starttime="20220928 13:17:20.782" endtime="20220928 13:17:27.423"/>
</kw>
<kw name="Sleep" library="BuiltIn">
<arg>5</arg>
<doc>Pauses the test executed for the given time.</doc>
<msg timestamp="20220928 13:17:32.425" level="INFO">Slept 5 seconds</msg>
<status status="PASS" starttime="20220928 13:17:27.423" endtime="20220928 13:17:32.425"/>
</kw>
<status status="PASS" starttime="20220928 13:17:03.171" endtime="20220928 13:17:32.425"/>
</kw>
<doc>Teste de login de usuario</doc>
<tag>login</tag>
<status status="PASS" starttime="20220928 13:17:03.118" endtime="20220928 13:17:32.425"/>
</test>
<test id="s1-t2" name="Validação do fluxo de pedidos" line="17">
<kw name="Pesquisar produto" library="automation_testing_resource">
<kw name="Input Text" library="SeleniumLibrary">
<arg>${LABEL_SEARCH}</arg>
<arg>${PRODUTO}</arg>
<doc>Types the given ``text`` into the text field identified by ``locator``.</doc>
<msg timestamp="20220928 13:17:32.425" level="INFO">Typing text 'Blouse' into text field '//input[@class='search_query form-control ac_input'][contains(@id,'top')]'.</msg>
<status status="PASS" starttime="20220928 13:17:32.425" endtime="20220928 13:17:32.752"/>
</kw>
<kw name="Click Button" library="SeleniumLibrary">
<arg>${BTN_SEARCH}</arg>
<doc>Clicks the button identified by ``locator``.</doc>
<msg timestamp="20220928 13:17:32.753" level="INFO">Clicking button '//button[@type='submit'][contains(.,'Search')]'.</msg>
<status status="PASS" starttime="20220928 13:17:32.752" endtime="20220928 13:17:37.093"/>
</kw>
<status status="PASS" starttime="20220928 13:17:32.425" endtime="20220928 13:17:37.094"/>
</kw>
<kw name="Adicionar produto ao carrinho" library="automation_testing_resource">
<kw name="Adicionar produto" library="variables">
<kw name="Element Should Be Visible" library="SeleniumLibrary">
<arg>//span[@class='heading-counter'][contains(.,'1 result has been found.')]</arg>
<doc>Verifies that the element identified by ``locator`` is visible.</doc>
<msg timestamp="20220928 13:17:37.163" level="INFO">Element '//span[@class='heading-counter'][contains(.,'1 result has been found.')]' is displayed.</msg>
<status status="PASS" starttime="20220928 13:17:37.100" endtime="20220928 13:17:37.163"/>
</kw>
<kw name="Execute Javascript" library="SeleniumLibrary">
<arg>window.scrollTo(723,483)</arg>
<doc>Executes the given JavaScript code with possible arguments.</doc>
<msg timestamp="20220928 13:17:37.165" level="INFO">Executing JavaScript:
window.scrollTo(723,483)
Without any arguments.</msg>
<status status="PASS" starttime="20220928 13:17:37.164" endtime="20220928 13:17:37.184"/>
</kw>
<kw name="Mouse Over" library="SeleniumLibrary">
<arg>${PRODUTO_IMG}</arg>
<doc>Simulates hovering the mouse over the element ``locator``.</doc>
<msg timestamp="20220928 13:17:37.187" level="INFO">Simulating Mouse Over on element '//img[contains(@title,'Blouse')]'.</msg>
<status status="PASS" starttime="20220928 13:17:37.185" endtime="20220928 13:17:37.510"/>
</kw>
<kw name="Wait Until Element Is Visible" library="SeleniumLibrary">
<arg>${BTN_ADD_CART}</arg>
<doc>Waits until the element ``locator`` is visible.</doc>
<status status="PASS" starttime="20220928 13:17:37.510" endtime="20220928 13:17:37.573"/>
</kw>
<kw name="Click Element" library="SeleniumLibrary">
<arg>${BTN_ADD_CART}</arg>
<doc>Click the element identified by ``locator``.</doc>
<msg timestamp="20220928 13:17:37.573" level="INFO">Clicking element '//span[contains(.,'Add to cart')]'.</msg>
<status status="PASS" starttime="20220928 13:17:37.573" endtime="20220928 13:17:37.732"/>
</kw>
<kw name="Wait Until Element Is Visible" library="SeleniumLibrary">
<arg>${BTN_CHECKOUT}</arg>
<doc>Waits until the element ``locator`` is visible.</doc>
<status status="PASS" starttime="20220928 13:17:37.732" endtime="20220928 13:17:39.893"/>
</kw>
<kw name="Click Element" library="SeleniumLibrary">
<arg>${BTN_CHECKOUT}</arg>
<doc>Click the element identified by ``locator``.</doc>
<msg timestamp="20220928 13:17:39.895" level="INFO">Clicking element '//span[contains(.,'Proceed to checkout')]'.</msg>
<status status="PASS" starttime="20220928 13:17:39.894" endtime="20220928 13:17:47.009"/>
</kw>
<kw name="Wait Until Element Is Visible" library="SeleniumLibrary">
<arg>${BTN_CHECKOUT_2}</arg>
<doc>Waits until the element ``locator`` is visible.</doc>
<status status="PASS" starttime="20220928 13:17:47.023" endtime="20220928 13:17:47.177"/>
</kw>
<kw name="Click Element" library="SeleniumLibrary">
<arg>${BTN_CHECKOUT_2}</arg>
<doc>Click the element identified by ``locator``.</doc>
<msg timestamp="20220928 13:17:47.178" level="INFO">Clicking element '(//span[contains(.,'Proceed to checkout')])[2]'.</msg>
<status status="PASS" starttime="20220928 13:17:47.177" endtime="20220928 13:17:48.963"/>
</kw>
<kw name="Execute Javascript" library="SeleniumLibrary">
<arg>window.scrollTo(1214,601)</arg>
<doc>Executes the given JavaScript code with possible arguments.</doc>
<msg timestamp="20220928 13:17:48.966" level="INFO">Executing JavaScript:
window.scrollTo(1214,601)
Without any arguments.</msg>
<status status="PASS" starttime="20220928 13:17:48.963" endtime="20220928 13:17:48.988"/>
</kw>
<kw name="Click Element" library="SeleniumLibrary">
<arg>${BTN_CHECKOUT_2}</arg>
<doc>Click the element identified by ``locator``.</doc>
<msg timestamp="20220928 13:17:48.991" level="INFO">Clicking element '(//span[contains(.,'Proceed to checkout')])[2]'.</msg>
<status status="PASS" starttime="20220928 13:17:48.989" endtime="20220928 13:17:51.340"/>
</kw>
<kw name="Execute Javascript" library="SeleniumLibrary">
<arg>window.scrollTo(1214,601)</arg>
<doc>Executes the given JavaScript code with possible arguments.</doc>
<msg timestamp="20220928 13:17:51.342" level="INFO">Executing JavaScript:
window.scrollTo(1214,601)
Without any arguments.</msg>
<status status="PASS" starttime="20220928 13:17:51.340" endtime="20220928 13:17:51.386"/>
</kw>
<kw name="Click Element" library="SeleniumLibrary">
<arg>${CHECKBOX_TERMS}</arg>
<doc>Click the element identified by ``locator``.</doc>
<msg timestamp="20220928 13:17:51.387" level="INFO">Clicking element '//input[@type='checkbox'][contains(@id,'cgv')]'.</msg>
<status status="PASS" starttime="20220928 13:17:51.386" endtime="20220928 13:17:51.556"/>
</kw>
<kw name="Click Element" library="SeleniumLibrary">
<arg>${BTN_CHECKOUT_2}</arg>
<doc>Click the element identified by ``locator``.</doc>
<msg timestamp="20220928 13:17:51.558" level="INFO">Clicking element '(//span[contains(.,'Proceed to checkout')])[2]'.</msg>
<status status="PASS" starttime="20220928 13:17:51.556" endtime="20220928 13:17:54.844"/>
</kw>
<kw name="Execute Javascript" library="SeleniumLibrary">
<arg>window.scrollTo(1214,601)</arg>
<doc>Executes the given JavaScript code with possible arguments.</doc>
<msg timestamp="20220928 13:17:54.847" level="INFO">Executing JavaScript:
window.scrollTo(1214,601)
Without any arguments.</msg>
<status status="PASS" starttime="20220928 13:17:54.844" endtime="20220928 13:17:54.865"/>
</kw>
<kw name="Click Element" library="SeleniumLibrary">
<arg>${BTN_PAY_BY_BANK}</arg>
<doc>Click the element identified by ``locator``.</doc>
<msg timestamp="20220928 13:17:54.866" level="INFO">Clicking element '//a[@class='bankwire'][contains(.,'Pay by bank wire (order processing will be longer)')]'.</msg>
<status status="PASS" starttime="20220928 13:17:54.865" endtime="20220928 13:17:56.506"/>
</kw>
<kw name="Execute Javascript" library="SeleniumLibrary">
<arg>window.scrollTo(1214,601)</arg>
<doc>Executes the given JavaScript code with possible arguments.</doc>
<msg timestamp="20220928 13:17:56.508" level="INFO">Executing JavaScript:
window.scrollTo(1214,601)
Without any arguments.</msg>
<status status="PASS" starttime="20220928 13:17:56.506" endtime="20220928 13:17:56.523"/>
</kw>
<kw name="Click Element" library="SeleniumLibrary">
<arg>${BTN_CONFIRM_ORDER}</arg>
<doc>Click the element identified by ``locator``.</doc>
<msg timestamp="20220928 13:17:56.526" level="INFO">Clicking element '//span[contains(.,'I confirm my order')]'.</msg>
<status status="PASS" starttime="20220928 13:17:56.524" endtime="20220928 13:18:00.333"/>
</kw>
<kw name="Execute Javascript" library="SeleniumLibrary">
<arg>window.scrollTo(1214,601)</arg>
<doc>Executes the given JavaScript code with possible arguments.</doc>
<msg timestamp="20220928 13:18:00.335" level="INFO">Executing JavaScript:
window.scrollTo(1214,601)
Without any arguments.</msg>
<status status="PASS" starttime="20220928 13:18:00.333" endtime="20220928 13:18:00.345"/>
</kw>
<kw name="Click Element" library="SeleniumLibrary">
<arg>${BTN_BACK_TO_ORDERS}</arg>
<doc>Click the element identified by ``locator``.</doc>
<msg timestamp="20220928 13:18:00.348" level="INFO">Clicking element '//a[@class='button-exclusive btn btn-default'][contains(.,'Back to orders')]'.</msg>
<status status="PASS" starttime="20220928 13:18:00.345" endtime="20220928 13:18:02.755"/>
</kw>
<status status="PASS" starttime="20220928 13:17:37.099" endtime="20220928 13:18:02.756"/>
</kw>
<status status="PASS" starttime="20220928 13:17:37.097" endtime="20220928 13:18:02.756"/>
</kw>
<doc>Fluxo de pedidos</doc>
<tag>adicionar_carrinho</tag>
<status status="PASS" starttime="20220928 13:17:32.425" endtime="20220928 13:18:02.757"/>
</test>
<doc>URL da página: http://automationpractice.com/index.php
Autor: Arlison Marreiro Nascimento</doc>
<status status="PASS" starttime="20220928 13:16:39.989" endtime="20220928 13:18:02.760"/>
</suite>
<statistics>
<total>
<stat pass="2" fail="0" skip="0">All Tests</stat>
</total>
<tag>
<stat pass="1" fail="0" skip="0">adicionar_carrinho</stat>
<stat pass="1" fail="0" skip="0">login</stat>
</tag>
<suite>
<stat pass="2" fail="0" skip="0" id="s1" name="Automation Testing">Automation Testing</stat>
</suite>
</statistics>
<errors>
</errors>
</robot>
