<?xml version="1.0" encoding="UTF-8"?>
<robot generator="Robot 5.0.1 (Python 3.10.6 on win32)" generated="20220929 13:38:32.803" rpa="false" schemaversion="3">
<suite id="s1" name="Automation Testing" source="C:\Users\Arlison\Desktop\Testrail-RobotFramework\Tests\automation_testing.robot">
<kw name="Abrir navegador" library="automation_testing_resource" type="SETUP">
<kw name="Open Browser" library="SeleniumLibrary">
<arg>browser=${BROWSER}</arg>
<arg>url=${URL}</arg>
<arg>service_log_path=null</arg>
<doc>Opens a new browser instance to the optional ``url``.</doc>
<msg timestamp="20220929 13:38:35.832" level="INFO">Opening browser 'chrome' to base url 'http://automationpractice.com/index.php'.</msg>
<msg timestamp="20220929 13:38:35.833" level="INFO">Browser driver log file created to: C:\Users\Arlison\Desktop\Testrail-RobotFramework\Results\null</msg>
<status status="PASS" starttime="20220929 13:38:35.828" endtime="20220929 13:38:56.428"/>
</kw>
<kw name="Maximize Browser Window" library="SeleniumLibrary">
<doc>Maximizes current browser window.</doc>
<status status="PASS" starttime="20220929 13:38:56.428" endtime="20220929 13:38:56.703"/>
</kw>
<status status="PASS" starttime="20220929 13:38:35.826" endtime="20220929 13:38:56.703"/>
</kw>
<test id="s1-t1" name="Validação de login de usuario" line="12">
<kw name="Realizar login" library="automation_testing_resource">
<kw name="Wait Until Element Is Visible" library="SeleniumLibrary">
<arg>${BTN_SIGNIN}</arg>
<doc>Waits until the element ``locator`` is visible.</doc>
<status status="PASS" starttime="20220929 13:38:56.726" endtime="20220929 13:38:57.131"/>
</kw>
<kw name="Click Element" library="SeleniumLibrary">
<arg>${BTN_SIGNIN}</arg>
<doc>Click the element identified by ``locator``.</doc>
<msg timestamp="20220929 13:38:57.134" level="INFO">Clicking element '//a[@class='login'][contains(.,'Sign in')]'.</msg>
<status status="PASS" starttime="20220929 13:38:57.131" endtime="20220929 13:39:17.479"/>
</kw>
<kw name="Wait Until Element Is Visible" library="SeleniumLibrary">
<arg>${LABEL_EMAIL}</arg>
<doc>Waits until the element ``locator`` is visible.</doc>
<status status="PASS" starttime="20220929 13:39:17.479" endtime="20220929 13:39:17.664"/>
</kw>
<kw name="Input Text" library="SeleniumLibrary">
<arg>${LABEL_EMAIL}</arg>
<arg>${EMAIL_INPUT}</arg>
<doc>Types the given ``text`` into the text field identified by ``locator``.</doc>
<msg timestamp="20220929 13:39:17.667" level="INFO">Typing text 'arlison.marreiro999@gmail.com' into text field 'email'.</msg>
<status status="PASS" starttime="20220929 13:39:17.665" endtime="20220929 13:39:18.204"/>
</kw>
<kw name="Input Text" library="SeleniumLibrary">
<arg>${LABEL_PASSWORD}</arg>
<arg>${PASSWORD_INPUT}</arg>
<doc>Types the given ``text`` into the text field identified by ``locator``.</doc>
<msg timestamp="20220929 13:39:18.207" level="INFO">Typing text 'marreirohd' into text field '//input[contains(@type,'password')]'.</msg>
<status status="PASS" starttime="20220929 13:39:18.205" endtime="20220929 13:39:18.631"/>
</kw>
<kw name="Click Element" library="SeleniumLibrary">
<arg>${BTM_SIGNIN_CONFIRM}</arg>
<doc>Click the element identified by ``locator``.</doc>
<msg timestamp="20220929 13:39:18.634" level="INFO">Clicking element '//span[contains(.,'Sign in')]'.</msg>
<status status="PASS" starttime="20220929 13:39:18.631" endtime="20220929 13:39:44.312"/>
</kw>
<kw name="Click Element" library="SeleniumLibrary">
<arg>${BTN_HOMEPAGE}</arg>
<doc>Click the element identified by ``locator``.</doc>
<msg timestamp="20220929 13:39:44.314" level="INFO">Clicking element '//img[contains(@class,'logo img-responsive')]'.</msg>
<status status="PASS" starttime="20220929 13:39:44.313" endtime="20220929 13:40:07.547"/>
</kw>
<kw name="Sleep" library="BuiltIn">
<arg>5</arg>
<doc>Pauses the test executed for the given time.</doc>
<msg timestamp="20220929 13:40:12.548" level="INFO">Slept 5 seconds</msg>
<status status="PASS" starttime="20220929 13:40:07.548" endtime="20220929 13:40:12.548"/>
</kw>
<status status="PASS" starttime="20220929 13:38:56.724" endtime="20220929 13:40:12.549"/>
</kw>
<doc>Teste de login de usuario</doc>
<tag>login</tag>
<status status="PASS" starttime="20220929 13:38:56.704" endtime="20220929 13:40:12.551"/>
</test>
<test id="s1-t2" name="Validação do fluxo de pedidos" line="17">
<kw name="Pesquisar produto" library="automation_testing_resource">
<kw name="Input Text" library="SeleniumLibrary">
<arg>${LABEL_SEARCH}</arg>
<arg>${PRODUTO}</arg>
<doc>Types the given ``text`` into the text field identified by ``locator``.</doc>
<msg timestamp="20220929 13:40:12.563" level="INFO">Typing text 'Blouse' into text field '//input[@class='search_query form-control ac_input'][contains(@id,'top')]'.</msg>
<status status="PASS" starttime="20220929 13:40:12.560" endtime="20220929 13:40:12.907"/>
</kw>
<kw name="Click Button" library="SeleniumLibrary">
<arg>${BTN_SEARCH}</arg>
<doc>Clicks the button identified by ``locator``.</doc>
<msg timestamp="20220929 13:40:12.910" level="INFO">Clicking button '//button[@type='submit'][contains(.,'Search')]'.</msg>
<status status="PASS" starttime="20220929 13:40:12.908" endtime="20220929 13:40:13.630"/>
</kw>
<status status="PASS" starttime="20220929 13:40:12.558" endtime="20220929 13:40:13.631"/>
</kw>
<kw name="Adicionar produto ao carrinho" library="automation_testing_resource">
<kw name="Adicionar produto" library="variables">
<kw name="Element Should Be Visible" library="SeleniumLibrary">
<arg>//span[@class='heading-counter'][contains(.,'1 result has been found.')]</arg>
<doc>Verifies that the element identified by ``locator`` is visible.</doc>
<msg timestamp="20220929 13:40:14.001" level="INFO" html="true">&lt;/td&gt;&lt;/tr&gt;&lt;tr&gt;&lt;td colspan="3"&gt;&lt;a href="selenium-screenshot-68.png"&gt;&lt;img src="selenium-screenshot-68.png" width="800px"&gt;&lt;/a&gt;</msg>
<msg timestamp="20220929 13:40:14.004" level="FAIL">Element with locator '//span[@class='heading-counter'][contains(.,'1 result has been found.')]' not found.</msg>
<status status="FAIL" starttime="20220929 13:40:13.636" endtime="20220929 13:40:14.014"/>
</kw>
<kw name="Execute Javascript" library="SeleniumLibrary">
<arg>window.scrollTo(723,483)</arg>
<doc>Executes the given JavaScript code with possible arguments.</doc>
<status status="NOT RUN" starttime="20220929 13:40:14.016" endtime="20220929 13:40:14.017"/>
</kw>
<kw name="Mouse Over" library="SeleniumLibrary">
<arg>${PRODUTO_IMG}</arg>
<doc>Simulates hovering the mouse over the element ``locator``.</doc>
<status status="NOT RUN" starttime="20220929 13:40:14.017" endtime="20220929 13:40:14.018"/>
</kw>
<kw name="Wait Until Element Is Visible" library="SeleniumLibrary">
<arg>${BTN_ADD_CART}</arg>
<doc>Waits until the element ``locator`` is visible.</doc>
<status status="NOT RUN" starttime="20220929 13:40:14.018" endtime="20220929 13:40:14.018"/>
</kw>
<kw name="Click Element" library="SeleniumLibrary">
<arg>${BTN_ADD_CART}</arg>
<doc>Click the element identified by ``locator``.</doc>
<status status="NOT RUN" starttime="20220929 13:40:14.019" endtime="20220929 13:40:14.019"/>
</kw>
<kw name="Wait Until Element Is Visible" library="SeleniumLibrary">
<arg>${BTN_CHECKOUT}</arg>
<doc>Waits until the element ``locator`` is visible.</doc>
<status status="NOT RUN" starttime="20220929 13:40:14.020" endtime="20220929 13:40:14.020"/>
</kw>
<kw name="Click Element" library="SeleniumLibrary">
<arg>${BTN_CHECKOUT}</arg>
<doc>Click the element identified by ``locator``.</doc>
<status status="NOT RUN" starttime="20220929 13:40:14.021" endtime="20220929 13:40:14.021"/>
</kw>
<kw name="Wait Until Element Is Visible" library="SeleniumLibrary">
<arg>${BTN_CHECKOUT_2}</arg>
<doc>Waits until the element ``locator`` is visible.</doc>
<status status="NOT RUN" starttime="20220929 13:40:14.022" endtime="20220929 13:40:14.022"/>
</kw>
<kw name="Click Element" library="SeleniumLibrary">
<arg>${BTN_CHECKOUT_2}</arg>
<doc>Click the element identified by ``locator``.</doc>
<status status="NOT RUN" starttime="20220929 13:40:14.022" endtime="20220929 13:40:14.023"/>
</kw>
<kw name="Execute Javascript" library="SeleniumLibrary">
<arg>window.scrollTo(1214,601)</arg>
<doc>Executes the given JavaScript code with possible arguments.</doc>
<status status="NOT RUN" starttime="20220929 13:40:14.023" endtime="20220929 13:40:14.024"/>
</kw>
<kw name="Click Element" library="SeleniumLibrary">
<arg>${BTN_CHECKOUT_2}</arg>
<doc>Click the element identified by ``locator``.</doc>
<status status="NOT RUN" starttime="20220929 13:40:14.024" endtime="20220929 13:40:14.025"/>
</kw>
<kw name="Execute Javascript" library="SeleniumLibrary">
<arg>window.scrollTo(1214,601)</arg>
<doc>Executes the given JavaScript code with possible arguments.</doc>
<status status="NOT RUN" starttime="20220929 13:40:14.025" endtime="20220929 13:40:14.026"/>
</kw>
<kw name="Click Element" library="SeleniumLibrary">
<arg>${CHECKBOX_TERMS}</arg>
<doc>Click the element identified by ``locator``.</doc>
<status status="NOT RUN" starttime="20220929 13:40:14.027" endtime="20220929 13:40:14.027"/>
</kw>
<kw name="Click Element" library="SeleniumLibrary">
<arg>${BTN_CHECKOUT_2}</arg>
<doc>Click the element identified by ``locator``.</doc>
<status status="NOT RUN" starttime="20220929 13:40:14.027" endtime="20220929 13:40:14.028"/>
</kw>
<kw name="Execute Javascript" library="SeleniumLibrary">
<arg>window.scrollTo(1214,601)</arg>
<doc>Executes the given JavaScript code with possible arguments.</doc>
<status status="NOT RUN" starttime="20220929 13:40:14.028" endtime="20220929 13:40:14.029"/>
</kw>
<kw name="Click Element" library="SeleniumLibrary">
<arg>${BTN_PAY_BY_BANK}</arg>
<doc>Click the element identified by ``locator``.</doc>
<status status="NOT RUN" starttime="20220929 13:40:14.029" endtime="20220929 13:40:14.030"/>
</kw>
<kw name="Execute Javascript" library="SeleniumLibrary">
<arg>window.scrollTo(1214,601)</arg>
<doc>Executes the given JavaScript code with possible arguments.</doc>
<status status="NOT RUN" starttime="20220929 13:40:14.030" endtime="20220929 13:40:14.031"/>
</kw>
<kw name="Click Element" library="SeleniumLibrary">
<arg>${BTN_CONFIRM_ORDER}</arg>
<doc>Click the element identified by ``locator``.</doc>
<status status="NOT RUN" starttime="20220929 13:40:14.032" endtime="20220929 13:40:14.032"/>
</kw>
<kw name="Execute Javascript" library="SeleniumLibrary">
<arg>window.scrollTo(1214,601)</arg>
<doc>Executes the given JavaScript code with possible arguments.</doc>
<status status="NOT RUN" starttime="20220929 13:40:14.033" endtime="20220929 13:40:14.034"/>
</kw>
<kw name="Click Element" library="SeleniumLibrary">
<arg>${BTN_BACK_TO_ORDERS}</arg>
<doc>Click the element identified by ``locator``.</doc>
<status status="NOT RUN" starttime="20220929 13:40:14.034" endtime="20220929 13:40:14.035"/>
</kw>
<status status="FAIL" starttime="20220929 13:40:13.633" endtime="20220929 13:40:14.039"/>
</kw>
<status status="FAIL" starttime="20220929 13:40:13.632" endtime="20220929 13:40:14.043"/>
</kw>
<doc>Fluxo de pedidos</doc>
<tag>adicionar_carrinho</tag>
<status status="FAIL" starttime="20220929 13:40:12.554" endtime="20220929 13:40:14.045">Element with locator '//span[@class='heading-counter'][contains(.,'1 result has been found.')]' not found.</status>
</test>
<doc>URL da página: http://automationpractice.com/index.php
Autor: Arlison Marreiro Nascimento</doc>
<status status="FAIL" starttime="20220929 13:38:32.809" endtime="20220929 13:40:14.050"/>
</suite>
<statistics>
<total>
<stat pass="1" fail="1" skip="0">All Tests</stat>
</total>
<tag>
<stat pass="0" fail="1" skip="0">adicionar_carrinho</stat>
<stat pass="1" fail="0" skip="0">login</stat>
</tag>
<suite>
<stat pass="1" fail="1" skip="0" id="s1" name="Automation Testing">Automation Testing</stat>
</suite>
</statistics>
<errors>
</errors>
</robot>
